IQ-TREE multicore version 2.2.3 COVID-edition for Linux 64-bit built Aug 13 2023
Developed by Bui Quang Minh, James Barbetti, Nguyen Lam Tung,
Olga Chernomor, Heiko Schmidt, Dominik Schrempf, Michael Woodhams, Ly Trong Nhan.

Host:    rsb-072749 (AVX2, FMA3, 62 GB RAM)
Command: iqtree -S 02_loci_assignment/testing_loci 02_loci_assignment/training_loci -T 4 -pre 04_model_selection
Seed:    661526 (Using SPRNG - Scalable Parallel Random Number Generator)
Time:    Fri Aug 18 16:57:34 2023
Kernel:  AVX+FMA - 4 threads (20 CPU cores detected)

Reading 13 alignment files in directory 02_loci_assignment/testing_loci
Reading alignment file 02_loci_assignment/testing_loci/gtdb_r207_bac120_PF03726.15.faa_subtaxa ... Fasta format detected
Reading fasta file: done in 2.1586e-05 secs using 97.29% CPU
Alignment most likely contains protein sequences
Constructing alignment: done in 4.1278e-05 secs using 99.33% CPU
WARNING: 4 sites contain only gaps or ambiguous characters.
Alignment has 8 sequences with 83 columns, 63 distinct patterns
45 parsimony-informative, 6 singleton sites, 32 constant sites
            Gap/Ambiguity  Composition  p-value
Analyzing sequences: done in 3.381e-06 secs using 118.3% CPU
   1  G903894145  100.00%    passed      -nan%
   2  G903915125  100.00%    passed      -nan%
   3  G903891415    6.02%    passed     98.52%
   4  G903861835    6.02%    passed     92.31%
   5  G903928075    6.02%    passed     97.28%
   6  G001778375    7.23%    passed     99.97%
   7  G001778355    7.23%    passed     99.86%
   8  G903916325    9.64%    passed     89.16%
WARNING: 2 sequences contain more than 50% gaps/ambiguity
****  TOTAL        30.27%  0 sequences failed composition chi2 test (p-value<5%; df=19)
Identifying sites to remove: done in 1.7591e-05 secs using 96.64% CPU
Reading alignment file 02_loci_assignment/testing_loci/gtdb_r207_bac120_TIGR00006.faa_subtaxa ... Fasta format detected
Reading fasta file: done in 3.3112e-05 secs using 99.66% CPU
Alignment most likely contains protein sequences
Constructing alignment: done in 0.000120561 secs using 99.53% CPU
WARNING: 16 sites contain only gaps or ambiguous characters.
Alignment has 8 sequences with 310 columns, 167 distinct patterns
108 parsimony-informative, 54 singleton sites, 148 constant sites
            Gap/Ambiguity  Composition  p-value
Analyzing sequences: done in 3.55e-06 secs using 112.7% CPU
   1  G903894145  100.00%    passed      -nan%
   2  G903915125  100.00%    passed      -nan%
   3  G903891415    7.42%    passed     99.28%
   4  G903861835    5.81%    passed     99.93%
   5  G903928075    7.42%    passed     99.59%
   6  G001778375    8.06%    passed     99.96%
   7  G001778355  100.00%    passed      -nan%
   8  G903916325    5.81%    passed    100.00%
WARNING: 3 sequences contain more than 50% gaps/ambiguity
****  TOTAL        41.81%  0 sequences failed composition chi2 test (p-value<5%; df=19)
Identifying sites to remove: done in 4.9943e-05 secs using 100.1% CPU
Reading alignment file 02_loci_assignment/testing_loci/gtdb_r207_bac120_TIGR00020.faa_subtaxa ... Fasta format detected
Reading fasta file: done in 3.682e-05 secs using 100.5% CPU
Alignment most likely contains protein sequences
Constructing alignment: done in 0.000137198 secs using 99.86% CPU
WARNING: 23 sites contain only gaps or ambiguous characters.
Alignment has 8 sequences with 365 columns, 176 distinct patterns
62 parsimony-informative, 65 singleton sites, 238 constant sites
            Gap/Ambiguity  Composition  p-value
Analyzing sequences: done in 3.312e-06 secs using 90.58% CPU
   1  G903894145   40.27%    passed    100.00%
   2  G903915125   40.27%    passed    100.00%
   3  G903891415   15.89%    passed    100.00%
   4  G903861835    6.30%    passed     99.58%
   5  G903928075   15.89%    passed    100.00%
   6  G001778375   12.33%    passed     99.60%
   7  G001778355  100.00%    passed      -nan%
   8  G903916325   40.27%    passed     99.97%
WARNING: 1 sequences contain more than 50% gaps/ambiguity
****  TOTAL        33.90%  0 sequences failed composition chi2 test (p-value<5%; df=19)
Identifying sites to remove: done in 5.5409e-05 secs using 99.26% CPU
Reading alignment file 02_loci_assignment/testing_loci/gtdb_r207_bac120_TIGR00029.faa_subtaxa ... Fasta format detected
Reading fasta file: done in 1.2956e-05 secs using 92.62% CPU
Alignment most likely contains protein sequences
Constructing alignment: done in 4.1316e-05 secs using 99.24% CPU
WARNING: 1 sites contain only gaps or ambiguous characters.
Alignment has 8 sequences with 87 columns, 81 distinct patterns
11 parsimony-informative, 61 singleton sites, 15 constant sites
            Gap/Ambiguity  Composition  p-value
Analyzing sequences: done in 3.225e-06 secs using 93.02% CPU
   1  G903894145    4.60%    passed    100.00%
   2  G903915125    4.60%    passed     99.97%
   3  G903891415    4.60%    passed     88.63%
   4  G903861835    4.60%    passed     99.98%
   5  G903928075  100.00%    passed      -nan%
   6  G001778375  100.00%    passed      -nan%
   7  G001778355    2.30%    passed     43.39%
   8  G903916325   29.89%    passed     99.69%
WARNING: 2 sequences contain more than 50% gaps/ambiguity
****  TOTAL        31.32%  0 sequences failed composition chi2 test (p-value<5%; df=19)
Identifying sites to remove: done in 1.8973e-05 secs using 100.1% CPU
Reading alignment file 02_loci_assignment/testing_loci/gtdb_r207_bac120_TIGR00043.faa_subtaxa ... Fasta format detected
Reading fasta file: done in 1.4426e-05 secs using 97.05% CPU
Alignment most likely contains protein sequences
Constructing alignment: done in 4.8449e-05 secs using 99.07% CPU
WARNING: 8 sites contain only gaps or ambiguous characters.
Alignment has 8 sequences with 111 columns, 85 distinct patterns
43 parsimony-informative, 27 singleton sites, 41 constant sites
            Gap/Ambiguity  Composition  p-value
Analyzing sequences: done in 2.918e-06 secs using 102.8% CPU
   1  G903894145  100.00%    passed      -nan%
   2  G903915125    8.11%    passed     99.98%
   3  G903891415  100.00%    passed      -nan%
   4  G903861835    7.21%    passed     93.29%
   5  G903928075    9.91%    passed     99.78%
   6  G001778375    9.91%    passed     76.96%
   7  G001778355   12.61%    passed     94.97%
   8  G903916325    9.01%    passed     99.33%
WARNING: 2 sequences contain more than 50% gaps/ambiguity
****  TOTAL        32.09%  0 sequences failed composition chi2 test (p-value<5%; df=19)
Identifying sites to remove: done in 2.3458e-05 secs using 98.05% CPU
Reading alignment file 02_loci_assignment/testing_loci/gtdb_r207_bac120_TIGR00116.faa_subtaxa ... Fasta format detected
Reading fasta file: done in 3.0503e-05 secs using 98.35% CPU
Alignment most likely contains protein sequences
Constructing alignment: done in 0.000104094 secs using 4040% CPU
WARNING: 164 sites contain only gaps or ambiguous characters.
Alignment has 8 sequences with 293 columns, 65 distinct patterns
38 parsimony-informative, 9 singleton sites, 245 constant sites
            Gap/Ambiguity  Composition  p-value
Analyzing sequences: done in 3.055e-06 secs using 98.2% CPU
   1  G903894145   55.97%    passed    100.00%
   2  G903915125   56.66%    passed    100.00%
   3  G903891415   56.66%    passed    100.00%
   4  G903861835   56.31%    passed    100.00%
   5  G903928075   56.66%    passed     99.99%
   6  G001778375   56.66%    passed     99.98%
   7  G001778355   55.97%    passed     99.98%
   8  G903916325   56.66%    passed    100.00%
WARNING: 8 sequences contain more than 50% gaps/ambiguity
****  TOTAL        56.44%  0 sequences failed composition chi2 test (p-value<5%; df=19)
Reading alignment file 02_loci_assignment/testing_loci/gtdb_r207_bac120_TIGR00168.faa_subtaxa ... Fasta format detected
Reading fasta file: done in 1.938e-05 secs using 98.04% CPU
Alignment most likely contains protein sequences
Constructing alignment: done in 6.3141e-05 secs using 99.78% CPU
WARNING: 2 sites contain only gaps or ambiguous characters.
Alignment has 8 sequences with 165 columns, 82 distinct patterns
36 parsimony-informative, 12 singleton sites, 117 constant sites
            Gap/Ambiguity  Composition  p-value
Analyzing sequences: done in 2.754e-06 secs using 72.62% CPU
   1  G903894145  100.00%    passed      -nan%
   2  G903915125    9.09%    passed    100.00%
   3  G903891415  100.00%    passed      -nan%
   4  G903861835    1.21%    passed     99.86%
   5  G903928075   19.39%    passed    100.00%
   6  G001778375   18.18%    passed    100.00%
   7  G001778355   19.39%    passed    100.00%
   8  G903916325  100.00%    passed      -nan%
WARNING: 3 sequences contain more than 50% gaps/ambiguity
****  TOTAL        45.91%  0 sequences failed composition chi2 test (p-value<5%; df=19)
Identifying sites to remove: done in 2.5999e-05 secs using 100% CPU
Reading alignment file 02_loci_assignment/testing_loci/gtdb_r207_bac120_TIGR00186.faa_subtaxa ... Fasta format detected
Reading fasta file: done in 2.5468e-05 secs using 98.16% CPU
Alignment most likely contains protein sequences
Constructing alignment: done in 9.5018e-05 secs using 99.98% CPU
WARNING: 2 sites contain only gaps or ambiguous characters.
Alignment has 8 sequences with 240 columns, 135 distinct patterns
73 parsimony-informative, 45 singleton sites, 122 constant sites
            Gap/Ambiguity  Composition  p-value
Analyzing sequences: done in 3.176e-06 secs using 94.46% CPU
   1  G903894145    7.08%    passed    100.00%
   2  G903915125    7.08%    passed    100.00%
   3  G903891415    0.83%    passed     85.94%
   4  G903861835    6.67%    passed    100.00%
   5  G903928075  100.00%    passed      -nan%
   6  G001778375    0.83%    passed     83.68%
   7  G001778355  100.00%    passed      -nan%
   8  G903916325    7.08%    passed    100.00%
WARNING: 2 sequences contain more than 50% gaps/ambiguity
****  TOTAL        28.70%  0 sequences failed composition chi2 test (p-value<5%; df=19)
Identifying sites to remove: done in 4.3632e-05 secs using 98.55% CPU
Reading alignment file 02_loci_assignment/testing_loci/gtdb_r207_bac120_TIGR00416.faa_subtaxa ... Fasta format detected
Reading fasta file: done in 4.3379e-05 secs using 99.13% CPU
Alignment most likely contains protein sequences
Constructing alignment: done in 0.000162933 secs using 99.43% CPU
WARNING: 5 sites contain only gaps or ambiguous characters.
Alignment has 8 sequences with 454 columns, 162 distinct patterns
78 parsimony-informative, 56 singleton sites, 320 constant sites
            Gap/Ambiguity  Composition  p-value
Analyzing sequences: done in 3.23e-06 secs using 92.88% CPU
   1  G903894145  100.00%    passed      -nan%
   2  G903915125  100.00%    passed      -nan%
   3  G903891415    1.98%    passed    100.00%
   4  G903861835    1.32%    passed    100.00%
   5  G903928075    1.98%    passed    100.00%
   6  G001778375    1.98%    passed    100.00%
   7  G001778355    1.98%    passed    100.00%
   8  G903916325   48.02%    passed     98.93%
WARNING: 2 sequences contain more than 50% gaps/ambiguity
****  TOTAL        32.16%  0 sequences failed composition chi2 test (p-value<5%; df=19)
Identifying sites to remove: done in 6.3163e-05 secs using 99.74% CPU
Reading alignment file 02_loci_assignment/testing_loci/gtdb_r207_bac120_TIGR00459.faa_subtaxa ... Fasta format detected
Reading fasta file: done in 5.2989e-05 secs using 100% CPU
Alignment most likely contains protein sequences
Constructing alignment: done in 0.000207343 secs using 99.83% CPU
WARNING: 7 sites contain only gaps or ambiguous characters.
Alignment has 8 sequences with 586 columns, 206 distinct patterns
2 parsimony-informative, 165 singleton sites, 419 constant sites
            Gap/Ambiguity  Composition  p-value
Analyzing sequences: done in 3.394e-06 secs using 88.39% CPU
   1  G903894145  100.00%    passed      -nan%
   2  G903915125  100.00%    passed      -nan%
   3  G903891415  100.00%    passed      -nan%
   4  G903861835  100.00%    passed      -nan%
   5  G903928075    1.19%    passed    100.00%
   6  G001778375    1.37%    passed    100.00%
   7  G001778355   23.89%    passed     99.90%
   8  G903916325   52.73%    passed     73.21%
WARNING: 5 sequences contain more than 50% gaps/ambiguity
****  TOTAL        59.90%  0 sequences failed composition chi2 test (p-value<5%; df=19)
Identifying sites to remove: done in 7.2588e-05 secs using 100.6% CPU
Reading alignment file 02_loci_assignment/testing_loci/gtdb_r207_bac120_TIGR00580.faa_subtaxa ... Fasta format detected
Reading fasta file: done in 8.1074e-05 secs using 99.91% CPU
Alignment most likely contains protein sequences
Constructing alignment: done in 0.00033957 secs using 99.83% CPU
WARNING: 70 sites contain only gaps or ambiguous characters.
Alignment has 8 sequences with 923 columns, 397 distinct patterns
265 parsimony-informative, 145 singleton sites, 513 constant sites
            Gap/Ambiguity  Composition  p-value
Analyzing sequences: done in 4.493e-06 secs using 89.03% CPU
   1  G903894145   24.70%    passed     94.19%
   2  G903915125   24.59%    passed     94.49%
   3  G903891415  100.00%    passed      -nan%
   4  G903861835   24.81%    passed     99.59%
   5  G903928075   10.83%    passed     99.34%
   6  G001778375   23.51%    passed     94.73%
   7  G001778355   10.73%    passed     87.59%
   8  G903916325  100.00%    passed      -nan%
WARNING: 2 sequences contain more than 50% gaps/ambiguity
****  TOTAL        39.90%  0 sequences failed composition chi2 test (p-value<5%; df=19)
Identifying sites to remove: done in 0.000134236 secs using 99.82% CPU
Reading alignment file 02_loci_assignment/testing_loci/gtdb_r207_bac120_TIGR01391.faa_subtaxa ... Fasta format detected
Reading fasta file: done in 4.0288e-05 secs using 99.29% CPU
Alignment most likely contains protein sequences
Constructing alignment: done in 0.0001594 secs using 99.75% CPU
WARNING: 8 sites contain only gaps or ambiguous characters.
Alignment has 8 sequences with 414 columns, 242 distinct patterns
177 parsimony-informative, 49 singleton sites, 188 constant sites
            Gap/Ambiguity  Composition  p-value
Analyzing sequences: done in 3.447e-06 secs using 116% CPU
   1  G903894145    1.93%    passed     98.49%
   2  G903915125  100.00%    passed      -nan%
   3  G903891415    2.90%    passed     99.98%
   4  G903861835    1.93%    passed     98.88%
   5  G903928075    2.90%    passed    100.00%
   6  G001778375    2.90%    passed     98.60%
   7  G001778355   33.57%    passed     94.96%
   8  G903916325  100.00%    passed      -nan%
WARNING: 2 sequences contain more than 50% gaps/ambiguity
****  TOTAL        30.77%  0 sequences failed composition chi2 test (p-value<5%; df=19)
Identifying sites to remove: done in 6.6873e-05 secs using 98.69% CPU
Reading alignment file 02_loci_assignment/testing_loci/gtdb_r207_bac120_TIGR02397.faa_subtaxa ... Fasta format detected
Reading fasta file: done in 3.4501e-05 secs using 98.55% CPU
Alignment most likely contains protein sequences
Constructing alignment: done in 0.000132269 secs using 99.8% CPU
Alignment has 8 sequences with 355 columns, 149 distinct patterns
134 parsimony-informative, 22 singleton sites, 199 constant sites
            Gap/Ambiguity  Composition  p-value
Analyzing sequences: done in 3.304e-06 secs using 90.8% CPU
   1  G903894145    0.00%    passed    100.00%
   2  G903915125  100.00%    passed      -nan%
   3  G903891415  100.00%    passed      -nan%
   4  G903861835    0.00%    passed    100.00%
   5  G903928075  100.00%    passed      -nan%
   6  G001778375    0.28%    passed     99.76%
   7  G001778355    0.28%    passed     98.59%
   8  G903916325    5.63%    passed     99.93%
WARNING: 3 sequences contain more than 50% gaps/ambiguity
****  TOTAL        38.27%  0 sequences failed composition chi2 test (p-value<5%; df=19)
Identifying sites to remove: done in 5.3583e-05 secs using 98.91% CPU
Subset	Type	Seqs	Sites	Infor	Invar	Model	Name
1		6	83	45	32		gtdb_r207_bac120_PF03726.15.faa_subtaxa
2		5	310	108	148		gtdb_r207_bac120_TIGR00006.faa_subtaxa
3		7	365	62	238		gtdb_r207_bac120_TIGR00020.faa_subtaxa
4		6	87	11	15		gtdb_r207_bac120_TIGR00029.faa_subtaxa
5		6	111	43	41		gtdb_r207_bac120_TIGR00043.faa_subtaxa
6		8	293	38	246		gtdb_r207_bac120_TIGR00116.faa_subtaxa
7		5	165	36	117		gtdb_r207_bac120_TIGR00168.faa_subtaxa
8		6	240	73	122		gtdb_r207_bac120_TIGR00186.faa_subtaxa
9		6	454	78	320		gtdb_r207_bac120_TIGR00416.faa_subtaxa
10		4	586	2	419		gtdb_r207_bac120_TIGR00459.faa_subtaxa
11		6	923	265	513		gtdb_r207_bac120_TIGR00580.faa_subtaxa
12		6	414	177	188		gtdb_r207_bac120_TIGR01391.faa_subtaxa
13		5	355	134	199		gtdb_r207_bac120_TIGR02397.faa_subtaxa
Linked 8 total sequences

Reading input tree file 02_loci_assignment/training_loci ...ERROR: File not found or incorrect input, pls check it again. (line 1 column 0)
